BEGIN;
BEGIN
EXPLAIN (ANALYZE, BUFFERS)
select
	s_name,
	count(*) as numwait
from
	supplier,
	lineitem l1,
	orders,
	nation
where
	s_suppkey = l1.l_suppkey
	and o_orderkey = l1.l_orderkey
	and o_orderstatus = 'F'
	and l1.l_receiptdate > l1.l_commitdate
	and exists (
		select
			*
		from
			lineitem l2
		where
			l2.l_orderkey = l1.l_orderkey
			and l2.l_suppkey <> l1.l_suppkey
	)
	and not exists (
		select
			*
		from
			lineitem l3
		where
			l3.l_orderkey = l1.l_orderkey
			and l3.l_suppkey <> l1.l_suppkey
			and l3.l_receiptdate > l3.l_commitdate
	)
	and s_nationkey = n_nationkey
	and n_name = 'INDIA'
group by
	s_name
order by
	numwait desc,
	s_name
LIMIT 100;
                                                                                                 QUERY PLAN                                                                                                 
------------------------------------------------------------------------------------------------------------------------------------------------------------------------------------------------------------
 Limit  (cost=1953763.20..1953763.20 rows=1 width=26) (actual time=40986.485..40986.500 rows=100 loops=1)
   Buffers: shared hit=13953408 read=875120 dirtied=1375 written=13265
   ->  Sort  (cost=1953763.20..1953763.20 rows=1 width=26) (actual time=40986.482..40986.486 rows=100 loops=1)
         Sort Key: (count(*)), supplier.s_name
         Sort Method: top-N heapsort  Memory: 32kB
         Buffers: shared hit=13953408 read=875120 dirtied=1375 written=13265
         ->  HashAggregate  (cost=1953763.18..1953763.19 rows=1 width=26) (actual time=40983.761..40985.390 rows=4079 loops=1)
               Group Key: supplier.s_name
               Buffers: shared hit=13953400 read=875120 dirtied=1375 written=13265
               ->  Nested Loop Anti Join  (cost=2443.74..1953763.17 rows=1 width=26) (actual time=43.203..40910.475 rows=40419 loops=1)
                     Buffers: shared hit=13953400 read=875120 dirtied=1375 written=13265
                     ->  Nested Loop Semi Join  (cost=2443.17..1953761.86 rows=1 width=34) (actual time=41.498..38231.956 rows=720588 loops=1)
                           Join Filter: (orders.o_orderkey = l2.l_orderkey)
                           Buffers: shared hit=10344276 read=872943 dirtied=1375 written=13237
                           ->  Nested Loop  (cost=2442.61..1431564.19 rows=390847 width=38) (actual time=41.380..33698.022 rows=748063 loops=1)
                                 Buffers: shared hit=6663955 read=806862 dirtied=1375 written=12504
                                 ->  Hash Join  (cost=2442.17..1010457.40 rows=799971 width=34) (actual time=41.294..26050.490 rows=1548911 loops=1)
                                       Hash Cond: (l1.l_suppkey = supplier.s_suppkey)
                                       Buffers: shared hit=562871 read=703681 dirtied=1373 written=10085
                                       ->  Index Scan using lineitem_l_orderkey_idx_part1 on lineitem l1  (cost=0.56..924959.52 rows=20015083 width=8) (actual time=0.096..18645.968 rows=37928797 loops=1)
                                             Buffers: shared hit=562866 read=701820 dirtied=1373 written=10085
                                       ->  Hash  (cost=2391.61..2391.61 rows=4000 width=30) (actual time=41.124..41.124 rows=4079 loops=1)
                                             Buckets: 4096  Batches: 1  Memory Usage: 287kB
                                             Buffers: shared hit=2 read=1861
                                             ->  Nested Loop  (cost=79.29..2391.61 rows=4000 width=30) (actual time=1.138..39.419 rows=4079 loops=1)
                                                   Buffers: shared hit=2 read=1861
                                                   ->  Seq Scan on nation  (cost=0.00..1.31 rows=1 width=4) (actual time=0.008..0.021 rows=1 loops=1)
                                                         Filter: (n_name = 'INDIA'::bpchar)
                                                         Rows Removed by Filter: 24
                                                         Buffers: shared hit=1
                                                   ->  Bitmap Heap Scan on supplier  (cost=79.29..2350.29 rows=4000 width=34) (actual time=1.122..38.258 rows=4079 loops=1)
                                                         Recheck Cond: (s_nationkey = nation.n_nationkey)
                                                         Heap Blocks: exact=1849
                                                         Buffers: shared hit=1 read=1861
                                                         ->  Bitmap Index Scan on supplier_s_nationkey_s_suppkey_idx  (cost=0.00..78.29 rows=4000 width=0) (actual time=0.815..0.815 rows=4079 loops=1)
                                                               Index Cond: (s_nationkey = nation.n_nationkey)
                                                               Buffers: shared read=13
                                 ->  Index Scan using orders_o_orderkey_o_orderdate_idx on orders  (cost=0.43..0.52 rows=1 width=4) (actual time=0.004..0.004 rows=0 loops=1548911)
                                       Index Cond: (o_orderkey = l1.l_orderkey)
                                       Filter: (o_orderstatus = 'F'::bpchar)
                                       Rows Removed by Filter: 1
                                       Buffers: shared hit=6101084 read=103181 dirtied=2 written=2419
                           ->  Index Scan using lineitem_l_orderkey_idx on lineitem l2  (cost=0.56..1.15 rows=15 width=8) (actual time=0.005..0.005 rows=1 loops=748063)
                                 Index Cond: (l_orderkey = l1.l_orderkey)
                                 Filter: (l_suppkey <> l1.l_suppkey)
                                 Rows Removed by Filter: 0
                                 Buffers: shared hit=3680321 read=66081 written=733
                     ->  Index Scan using lineitem_l_orderkey_idx_part1 on lineitem l3  (cost=0.56..0.91 rows=5 width=8) (actual time=0.003..0.003 rows=1 loops=720588)
                           Index Cond: (l_orderkey = l1.l_orderkey)
                           Filter: (l_suppkey <> l1.l_suppkey)
                           Rows Removed by Filter: 0
                           Buffers: shared hit=3609124 read=2177 written=28
 Planning time: 16.450 ms
 Execution time: 40986.817 ms
(54 rows)

COMMIT;
COMMIT
